<?xml version="1.0" encoding="UTF-8"?>
<!-- Generated by org.testng.reporters.JUnitReportReporter -->
<testsuite hostname="LAPTOP-LHHKFES4" failures="0" tests="1" name="Amazon_Project._01.Search_Shoe" time="20.520" errors="0" timestamp="2024-08-25T01:11:17 IST" skipped="0">
  <testcase classname="Amazon_Project._01.Search_Shoe" name="search_shoe" time="20.520"/>
  <system-out/>
</testsuite> <!-- Amazon_Project._01.Search_Shoe -->
