<?xml version="1.0" encoding="UTF-8"?>
<!-- Generated by org.testng.reporters.JUnitReportReporter -->
<testsuite hostname="LAPTOP-LHHKFES4" failures="0" tests="1" name="Amazon_Project._01.Edit_Information_Testcase" time="26.096" errors="0" timestamp="2024-08-25T18:56:57 IST" skipped="0">
  <testcase classname="Amazon_Project._01.Edit_Information_Testcase" name="edit_Info" time="26.096"/>
  <system-out/>
</testsuite> <!-- Amazon_Project._01.Edit_Information_Testcase -->
