<?xml version="1.0" encoding="UTF-8"?>
<!-- Generated by org.testng.reporters.JUnitReportReporter -->
<testsuite hostname="LAPTOP-LHHKFES4" failures="0" tests="2" name="Amazon_Project_01.Registration_Testcase" time="20.085" errors="0" timestamp="2024-09-10T13:49:24 IST" skipped="0">
  <testcase classname="Amazon_Project_01.Registration_Testcase" name="Registration_New" time="11.755"/>
  <system-out/>
  <testcase classname="Amazon_Project_01.Registration_Testcase" name="login_success" time="8.330"/>
  <system-out/>
</testsuite> <!-- Amazon_Project_01.Registration_Testcase -->
