<?xml version="1.0" encoding="UTF-8"?>
<!-- Generated by org.testng.reporters.JUnitReportReporter -->
<testsuite hostname="LAPTOP-LHHKFES4" failures="0" tests="1" name="Amazon_Project_01.Demo" time="13.568" errors="0" timestamp="2024-08-27T17:36:05 IST" skipped="0">
  <testcase classname="Amazon_Project_01.Demo" name="add" time="13.568"/>
  <system-out>
    <![CDATA[Test case Is pass]]>
  </system-out>
</testsuite> <!-- Amazon_Project_01.Demo -->
