<?xml version="1.0" encoding="UTF-8"?>
<!-- Generated by org.testng.reporters.JUnitReportReporter -->
<testsuite hostname="LAPTOP-LHHKFES4" failures="0" tests="1" name="Amazon_Project_01.Removeitemfrom_cart_Testcase" time="39.734" errors="0" timestamp="2024-09-10T13:51:58 IST" skipped="0">
  <testcase classname="Amazon_Project_01.Removeitemfrom_cart_Testcase" name="remove_item_from_cart" time="39.734"/>
  <system-out/>
</testsuite> <!-- Amazon_Project_01.Removeitemfrom_cart_Testcase -->
