<?xml version="1.0" encoding="UTF-8"?>
<!-- Generated by org.testng.reporters.JUnitReportReporter -->
<testsuite hostname="LAPTOP-LHHKFES4" failures="0" tests="1" name="Amazon_Project_01.Search_Shoe" time="24.779" errors="0" timestamp="2024-08-30T18:08:06 IST" skipped="0">
  <testcase classname="Amazon_Project_01.Search_Shoe" name="search_shoe" time="24.779"/>
  <system-out>
    <![CDATA[Test case Is pass]]>
  </system-out>
</testsuite> <!-- Amazon_Project_01.Search_Shoe -->
