<?xml version="1.0" encoding="UTF-8"?>
<!-- Generated by org.testng.reporters.JUnitReportReporter -->
<testsuite hostname="LAPTOP-LHHKFES4" failures="0" tests="1" name="Amazon_Project._01.Login_Testcase" time="17.026" errors="0" timestamp="2024-08-24T14:05:03 IST" skipped="0">
  <testcase classname="Amazon_Project._01.Login_Testcase" name="login_Success" time="17.026"/>
  <system-out/>
</testsuite> <!-- Amazon_Project._01.Login_Testcase -->
