<?xml version="1.0" encoding="UTF-8"?>
<!-- Generated by org.testng.reporters.JUnitReportReporter -->
<testsuite hostname="LAPTOP-LHHKFES4" failures="0" tests="1" name="Amazon_Project._01.Login_With_Invalid_Cred_Testcase" time="14.278" errors="0" timestamp="2024-08-24T17:54:16 IST" skipped="0">
  <testcase classname="Amazon_Project._01.Login_With_Invalid_Cred_Testcase" name="login_Fail" time="14.278"/>
  <system-out/>
</testsuite> <!-- Amazon_Project._01.Login_With_Invalid_Cred_Testcase -->
