<?xml version="1.0" encoding="UTF-8"?>
<!-- Generated by org.testng.reporters.JUnitReportReporter -->
<testsuite hostname="LAPTOP-LHHKFES4" failures="0" tests="1" name="Amazon_Project_01.CoupanCode_Apply" time="61.567" errors="0" timestamp="2024-09-10T13:44:16 IST" skipped="0">
  <testcase classname="Amazon_Project_01.CoupanCode_Apply" name="remove_item_from_cart" time="61.567"/>
  <system-out/>
</testsuite> <!-- Amazon_Project_01.CoupanCode_Apply -->
