<?xml version="1.0" encoding="UTF-8"?>
<!-- Generated by org.testng.reporters.JUnitReportReporter -->
<testsuite hostname="LAPTOP-LHHKFES4" failures="0" tests="1" name="Amazon_Project_01.Edit_Information_Testcase" time="25.192" errors="0" timestamp="2024-09-10T13:46:14 IST" skipped="0">
  <testcase classname="Amazon_Project_01.Edit_Information_Testcase" name="edit_Info" time="25.192"/>
  <system-out>
    <![CDATA[Test case Is pass]]>
  </system-out>
</testsuite> <!-- Amazon_Project_01.Edit_Information_Testcase -->
