<?xml version="1.0" encoding="UTF-8"?>
<!-- Generated by org.testng.reporters.JUnitReportReporter -->
<testsuite hostname="LAPTOP-LHHKFES4" failures="0" tests="1" name="Amazon_Project_01.Demo2" time="14.371" errors="0" timestamp="2024-08-28T10:35:03 IST" skipped="0">
  <testcase classname="Amazon_Project_01.Demo2" name="add" time="14.371"/>
  <system-out>
    <![CDATA[Test case Is pass]]>
  </system-out>
</testsuite> <!-- Amazon_Project_01.Demo2 -->
