<?xml version="1.0" encoding="UTF-8"?>
<!-- Generated by org.testng.reporters.JUnitReportReporter -->
<testsuite hostname="LAPTOP-LHHKFES4" failures="0" tests="1" name="Amazon_Project._01.Demo" time="11.283" errors="0" timestamp="2024-08-25T00:29:58 IST" skipped="0">
  <testcase classname="Amazon_Project._01.Demo" name="add" time="11.283"/>
  <system-out>
    <![CDATA[Test case Is pass]]>
  </system-out>
</testsuite> <!-- Amazon_Project._01.Demo -->
