<?xml version="1.0" encoding="UTF-8"?>
<!-- Generated by org.testng.reporters.JUnitReportReporter -->
<testsuite hostname="LAPTOP-LHHKFES4" failures="0" tests="2" name="Amazon_Project._01.Login_With_Valid_Cred_Testcase" time="24.284" errors="0" timestamp="2024-08-24T18:19:34 IST" skipped="0">
  <testcase classname="Amazon_Project._01.Login_With_Valid_Cred_Testcase" name="login_Success" time="15.650"/>
  <system-out/>
  <testcase classname="Amazon_Project._01.Login_With_Valid_Cred_Testcase" name="edit_Info" time="8.634"/>
  <system-out/>
</testsuite> <!-- Amazon_Project._01.Login_With_Valid_Cred_Testcase -->
