<?xml version="1.0" encoding="UTF-8"?>
<!-- Generated by org.testng.reporters.JUnitReportReporter -->
<testsuite hostname="LAPTOP-LHHKFES4" failures="0" tests="1" name="Amazon_Project_01.Login_With_Invalid_Cred_Testcase" time="15.220" errors="0" timestamp="2024-09-10T13:46:33 IST" skipped="0">
  <testcase classname="Amazon_Project_01.Login_With_Invalid_Cred_Testcase" name="login_Fail" time="15.220"/>
  <system-out/>
</testsuite> <!-- Amazon_Project_01.Login_With_Invalid_Cred_Testcase -->
