<?xml version="1.0" encoding="UTF-8"?>
<!-- Generated by org.testng.reporters.JUnitReportReporter -->
<testsuite hostname="LAPTOP-LHHKFES4" failures="0" tests="1" name="Amazon_Project_01.Cart_Without_Login_Testcase" time="22.091" errors="0" timestamp="2024-09-10T12:03:16 IST" skipped="0">
  <testcase classname="Amazon_Project_01.Cart_Without_Login_Testcase" name="Product_Details" time="22.091"/>
  <system-out/>
</testsuite> <!-- Amazon_Project_01.Cart_Without_Login_Testcase -->
