<?xml version="1.0" encoding="UTF-8"?>
<!-- Generated by org.testng.reporters.JUnitReportReporter -->
<testsuite hostname="LAPTOP-LHHKFES4" failures="0" tests="1" name="Amazon_Project_01.Your_Order_Testcase" time="19.132" errors="0" timestamp="2024-08-30T18:08:06 IST" skipped="0">
  <testcase classname="Amazon_Project_01.Your_Order_Testcase" name="Product_Details" time="19.132"/>
  <system-out>
    <![CDATA[Test case Is pass]]>
  </system-out>
</testsuite> <!-- Amazon_Project_01.Your_Order_Testcase -->
