<?xml version="1.0" encoding="UTF-8"?>
<!-- Generated by org.testng.reporters.JUnitReportReporter -->
<testsuite hostname="LAPTOP-LHHKFES4" failures="0" tests="1" name="Amazon_Project_01.Data_Driven_Login_testcase" time="17.739" errors="0" timestamp="2024-09-10T13:44:39 IST" skipped="0">
  <testcase classname="Amazon_Project_01.Data_Driven_Login_testcase" name="login_datadriven" time="17.739"/>
  <system-out/>
</testsuite> <!-- Amazon_Project_01.Data_Driven_Login_testcase -->
