<?xml version="1.0" encoding="UTF-8"?>
<!-- Generated by org.testng.reporters.JUnitReportReporter -->
<testsuite hostname="LAPTOP-LHHKFES4" failures="0" tests="1" name="Amazon_Project_01.AddToCart_Testcase" time="41.531" errors="0" timestamp="2024-09-10T12:01:46 IST" skipped="0">
  <testcase classname="Amazon_Project_01.AddToCart_Testcase" name="Product_Details" time="41.531"/>
  <system-out/>
</testsuite> <!-- Amazon_Project_01.AddToCart_Testcase -->
